<?xml version="1.0" encoding="UTF-8"?>
<!-- Generated by org.testng.reporters.JUnitReportReporter -->
<testsuite hostname="MSI" failures="0" tests="2" name="com.justinbett.ecommerce_demo_test.AccountSignInOut" time="3.682" errors="0" timestamp="2024-03-12T10:15:57 EDT" skipped="0">
  <testcase classname="com.justinbett.ecommerce_demo_test.AccountSignInOut" name="signIn" time="2.252"/>
  <system-out/>
  <testcase classname="com.justinbett.ecommerce_demo_test.AccountSignInOut" name="signOut" time="1.430"/>
  <system-out/>
</testsuite> <!-- com.justinbett.ecommerce_demo_test.AccountSignInOut -->
