<?xml version="1.0" encoding="UTF-8"?>
<!-- Generated by org.testng.reporters.JUnitReportReporter -->
<testsuite hostname="MSI" failures="0" tests="2" name="com.justinbett.ecommerce_demo_test.ItemSearchAdd" time="6.273" errors="0" timestamp="2024-02-28T08:49:56 EST" skipped="0">
  <testcase classname="com.justinbett.ecommerce_demo_test.ItemSearchAdd" name="search1" time="1.559"/>
  <system-out/>
  <testcase classname="com.justinbett.ecommerce_demo_test.ItemSearchAdd" name="addSearch1" time="4.714"/>
  <system-out/>
</testsuite> <!-- com.justinbett.ecommerce_demo_test.ItemSearchAdd -->
