<?xml version="1.0" encoding="UTF-8"?>
<!-- Generated by org.testng.reporters.JUnitReportReporter -->
<testsuite hostname="MSI" failures="0" tests="1" name="com.justinbett.ecommerce_demo_test.DropdownNavigation" time="2.976" errors="0" timestamp="2024-03-19T09:45:52 EDT" skipped="0">
  <testcase classname="com.justinbett.ecommerce_demo_test.DropdownNavigation" name="dropdownNavigation" time="2.976"/>
  <system-out/>
</testsuite> <!-- com.justinbett.ecommerce_demo_test.DropdownNavigation -->
