<?xml version="1.0" encoding="UTF-8"?>
<!-- Generated by org.testng.reporters.JUnitReportReporter -->
<testsuite hostname="MSI" failures="0" tests="1" name="com.justinbett.ecommerce_demo_test.AccountCreation" time="3.407" errors="0" timestamp="2024-02-20T09:35:04 EST" skipped="0">
  <testcase classname="com.justinbett.ecommerce_demo_test.AccountCreation" name="createAccount" time="3.407"/>
  <system-out/>
</testsuite> <!-- com.justinbett.ecommerce_demo_test.AccountCreation -->
