<?xml version="1.0" encoding="UTF-8"?>
<!-- Generated by org.testng.reporters.JUnitReportReporter -->
<testsuite hostname="MSI" failures="0" tests="1" name="com.justinbett.ecommerce_demo_test.AccountCreation" time="4.050" errors="0" timestamp="2024-03-11T10:32:48 EDT" skipped="0">
  <testcase classname="com.justinbett.ecommerce_demo_test.AccountCreation" name="createAccount" time="4.050"/>
  <system-out/>
</testsuite> <!-- com.justinbett.ecommerce_demo_test.AccountCreation -->
