<?xml version="1.0" encoding="UTF-8"?>
<!-- Generated by org.testng.reporters.JUnitReportReporter -->
<testsuite hostname="MSI" failures="0" tests="1" name="com.justinbett.ecommerce_demo_test.InitialTest" time="12.590" errors="0" timestamp="2024-02-15T08:50:24 EST" skipped="0">
  <testcase classname="com.justinbett.ecommerce_demo_test.InitialTest" name="createAccount" time="12.590"/>
  <system-out/>
</testsuite> <!-- com.justinbett.ecommerce_demo_test.InitialTest -->
