<?xml version="1.0" encoding="UTF-8"?>
<!-- Generated by org.testng.reporters.JUnitReportReporter -->
<testsuite hostname="MSI" failures="0" tests="2" name="com.justinbett.ecommerce_demo_test.ItemSearch" time="6.413" errors="0" timestamp="2024-03-12T10:15:57 EDT" skipped="0">
  <testcase classname="com.justinbett.ecommerce_demo_test.ItemSearch" name="search" time="1.446"/>
  <system-out/>
  <testcase classname="com.justinbett.ecommerce_demo_test.ItemSearch" name="addSearch" time="4.967"/>
  <system-out/>
</testsuite> <!-- com.justinbett.ecommerce_demo_test.ItemSearch -->
