<?xml version="1.0" encoding="UTF-8"?>
<!-- Generated by org.testng.reporters.JUnitReportReporter -->
<testsuite hostname="MSI" failures="0" tests="3" name="com.justinbett.ecommerce_demo_test.PromoTest" time="19.940" errors="0" timestamp="2024-03-19T09:45:52 EDT" skipped="0">
  <testcase classname="com.justinbett.ecommerce_demo_test.PromoTest" name="promoCheckout" time="4.943"/>
  <system-out/>
  <testcase classname="com.justinbett.ecommerce_demo_test.PromoTest" name="promoCheckoutLogin" time="5.355"/>
  <system-out/>
  <testcase classname="com.justinbett.ecommerce_demo_test.PromoTest" name="promoAdd" time="9.642"/>
  <system-out/>
</testsuite> <!-- com.justinbett.ecommerce_demo_test.PromoTest -->
