<?xml version="1.0" encoding="UTF-8"?>
<!-- Generated by org.testng.reporters.JUnitReportReporter -->
<testsuite hostname="MSI" failures="0" tests="3" name="com.justinbett.ecommerce_demo_test.ItemSearch" time="11.996" errors="0" timestamp="2024-03-19T09:50:29 EDT" skipped="0">
  <testcase classname="com.justinbett.ecommerce_demo_test.ItemSearch" name="addSearch" time="2.911"/>
  <system-out/>
  <testcase classname="com.justinbett.ecommerce_demo_test.ItemSearch" name="search" time="1.646"/>
  <system-out/>
  <testcase classname="com.justinbett.ecommerce_demo_test.ItemSearch" name="guestCheckout" time="7.439"/>
  <system-out/>
</testsuite> <!-- com.justinbett.ecommerce_demo_test.ItemSearch -->
