<?xml version="1.0" encoding="UTF-8"?>
<!-- Generated by org.testng.reporters.JUnitReportReporter -->
<testsuite hostname="MSI" failures="0" tests="1" name="com.justinbett.ecommerce_demo_test.InitialTest" time="0.682" errors="0" timestamp="2024-02-14T08:36:36 EST" skipped="0">
  <testcase classname="com.justinbett.ecommerce_demo_test.InitialTest" name="initialTest" time="0.682"/>
  <system-out/>
</testsuite> <!-- com.justinbett.ecommerce_demo_test.InitialTest -->
