<?xml version="1.0" encoding="UTF-8"?>
<!-- Generated by org.testng.reporters.JUnitReportReporter -->
<testsuite hostname="MSI" failures="0" tests="1" name="com.justinbett.ecommerce_demo_test.DropdownNavigation" time="2.549" errors="0" timestamp="2024-02-28T08:49:56 EST" skipped="0">
  <testcase classname="com.justinbett.ecommerce_demo_test.DropdownNavigation" name="dropdownNavigation" time="2.549"/>
  <system-out/>
</testsuite> <!-- com.justinbett.ecommerce_demo_test.DropdownNavigation -->
