<?xml version="1.0" encoding="UTF-8"?>
<!-- Generated by org.testng.reporters.JUnitReportReporter -->
<testsuite hostname="MSI" failures="0" tests="1" name="com.justinbett.ecommerce_demo_test.AccountCreation" time="2.927" errors="0" timestamp="2024-02-21T09:16:10 EST" skipped="0">
  <testcase classname="com.justinbett.ecommerce_demo_test.AccountCreation" name="createAccount" time="2.927"/>
  <system-out/>
</testsuite> <!-- com.justinbett.ecommerce_demo_test.AccountCreation -->
