<?xml version="1.0" encoding="UTF-8"?>
<!-- Generated by org.testng.reporters.JUnitReportReporter -->
<testsuite hostname="Justins-MacBook-Pro.local" failures="0" tests="3" name="com.justinbett.ecommerce_demo_test.ItemSearch" time="15.441" errors="0" timestamp="2024-07-26T15:21:05 EDT" skipped="0">
  <testcase classname="com.justinbett.ecommerce_demo_test.ItemSearch" name="guestCheckout" time="8.057"/>
  <testcase classname="com.justinbett.ecommerce_demo_test.ItemSearch" name="search" time="2.708"/>
  <testcase classname="com.justinbett.ecommerce_demo_test.ItemSearch" name="addSearch" time="4.676"/>
</testsuite> <!-- com.justinbett.ecommerce_demo_test.ItemSearch -->
