<?xml version="1.0" encoding="UTF-8"?>
<!-- Generated by org.testng.reporters.JUnitReportReporter -->
<testsuite hostname="MSI" failures="0" tests="2" name="com.justinbett.ecommerce_demo_test.AccountSignInOut" time="3.405" errors="0" timestamp="2024-02-20T09:35:16 EST" skipped="0">
  <testcase classname="com.justinbett.ecommerce_demo_test.AccountSignInOut" name="signIn" time="2.200"/>
  <system-out/>
  <testcase classname="com.justinbett.ecommerce_demo_test.AccountSignInOut" name="signOut" time="1.205"/>
  <system-out/>
</testsuite> <!-- com.justinbett.ecommerce_demo_test.AccountSignInOut -->
