<?xml version="1.0" encoding="UTF-8"?>
<!-- Generated by org.testng.reporters.JUnitReportReporter -->
<testsuite hostname="MSI" failures="0" tests="2" name="com.justinbett.ecommerce_demo_test.AccountSignInOut" time="3.708" errors="0" timestamp="2024-02-23T08:44:42 EST" skipped="0">
  <testcase classname="com.justinbett.ecommerce_demo_test.AccountSignInOut" name="signIn" time="2.402"/>
  <system-out/>
  <testcase classname="com.justinbett.ecommerce_demo_test.AccountSignInOut" name="signOut" time="1.306"/>
  <system-out/>
</testsuite> <!-- com.justinbett.ecommerce_demo_test.AccountSignInOut -->
