<?xml version="1.0" encoding="UTF-8"?>
<!-- Generated by org.testng.reporters.JUnitReportReporter -->
<testsuite hostname="MSI" failures="0" tests="2" name="com.justinbett.ecommerce_demo_test.AccountSignInOut" time="3.636" errors="0" timestamp="2024-03-19T09:45:52 EDT" skipped="0">
  <testcase classname="com.justinbett.ecommerce_demo_test.AccountSignInOut" name="signIn" time="2.313"/>
  <system-out/>
  <testcase classname="com.justinbett.ecommerce_demo_test.AccountSignInOut" name="signOut" time="1.323"/>
  <system-out/>
</testsuite> <!-- com.justinbett.ecommerce_demo_test.AccountSignInOut -->
