<?xml version="1.0" encoding="UTF-8"?>
<!-- Generated by org.testng.reporters.JUnitReportReporter -->
<testsuite hostname="MSI" failures="0" tests="2" name="com.justinbett.ecommerce_demo_test.ItemSearchAdd" time="11.317" errors="0" timestamp="2024-02-27T09:22:57 EST" skipped="0">
  <testcase classname="com.justinbett.ecommerce_demo_test.ItemSearchAdd" name="addSearch1" time="9.857"/>
  <system-out/>
  <testcase classname="com.justinbett.ecommerce_demo_test.ItemSearchAdd" name="search1" time="1.460"/>
  <system-out/>
</testsuite> <!-- com.justinbett.ecommerce_demo_test.ItemSearchAdd -->
