<?xml version="1.0" encoding="UTF-8"?>
<!-- Generated by org.testng.reporters.JUnitReportReporter -->
<testsuite hostname="MSI" failures="0" tests="1" name="com.justinbett.ecommerce_demo_test.PromoAdd" time="16.022" errors="0" timestamp="2024-03-05T13:15:15 EST" skipped="0">
  <testcase classname="com.justinbett.ecommerce_demo_test.PromoAdd" name="PromoTest" time="16.022"/>
  <system-out/>
</testsuite> <!-- com.justinbett.ecommerce_demo_test.PromoAdd -->
