<?xml version="1.0" encoding="UTF-8"?>
<!-- Generated by org.testng.reporters.JUnitReportReporter -->
<testsuite hostname="MSI" failures="0" tests="1" name="com.justinbett.ecommerce_demo_test.ItemSearch" time="6.824" errors="0" timestamp="2024-02-26T08:52:31 EST" skipped="0">
  <testcase classname="com.justinbett.ecommerce_demo_test.ItemSearch" name="search" time="6.824"/>
  <system-out/>
</testsuite> <!-- com.justinbett.ecommerce_demo_test.ItemSearch -->
