<?xml version="1.0" encoding="UTF-8"?>
<!-- Generated by org.testng.reporters.JUnitReportReporter -->
<testsuite hostname="MSI" failures="0" tests="3" name="com.justinbett.ecommerce_demo_test.AccountCreationSignInOut" time="12.864" errors="0" timestamp="2024-02-20T08:59:01 EST" skipped="0">
  <testcase classname="com.justinbett.ecommerce_demo_test.AccountCreationSignInOut" name="signIn" time="4.157"/>
  <system-out/>
  <testcase classname="com.justinbett.ecommerce_demo_test.AccountCreationSignInOut" name="createAccount" time="5.094"/>
  <system-out/>
  <testcase classname="com.justinbett.ecommerce_demo_test.AccountCreationSignInOut" name="signOut" time="3.613"/>
  <system-out/>
</testsuite> <!-- com.justinbett.ecommerce_demo_test.AccountCreationSignInOut -->
