<?xml version="1.0" encoding="UTF-8"?>
<!-- Generated by org.testng.reporters.JUnitReportReporter -->
<testsuite hostname="MSI" failures="0" tests="2" name="com.justinbett.ecommerce_demo_test.AccountCreationSignIn" time="5.099" errors="0" timestamp="2024-02-16T08:51:55 EST" skipped="0">
  <testcase classname="com.justinbett.ecommerce_demo_test.AccountCreationSignIn" name="signInAccount" time="1.940"/>
  <system-out/>
  <testcase classname="com.justinbett.ecommerce_demo_test.AccountCreationSignIn" name="createAccount" time="3.159"/>
  <system-out/>
</testsuite> <!-- com.justinbett.ecommerce_demo_test.AccountCreationSignIn -->
