<?xml version="1.0" encoding="UTF-8"?>
<!-- Generated by org.testng.reporters.JUnitReportReporter -->
<testsuite hostname="MSI" failures="0" tests="1" name="com.justinbett.ecommerce_demo_test.PromoAdd" time="14.652" errors="0" timestamp="2024-03-10T10:26:53 EDT" skipped="0">
  <testcase classname="com.justinbett.ecommerce_demo_test.PromoAdd" name="PromoTest" time="14.652"/>
  <system-out/>
</testsuite> <!-- com.justinbett.ecommerce_demo_test.PromoAdd -->
